2026-05-13 12:00:01 INFO [InventoryService] Low stock on item SKU-45 (#1)
2026-05-13 12:00:02 INFO [PaymentService] Payment failed for ID 2 (#2)
2026-05-13 12:00:03 INFO [NotificationService] Session refreshed (#3)
2026-05-13 12:00:04 INFO [OrderService] Email sent to user@example.com (#4)
2026-05-13 12:00:05 INFO [ShippingService] Order processing delayed (#5)
2026-05-13 12:00:06 INFO [ReportingService] Payment timeout for ID 6 (#6)
2026-05-13 12:00:07 INFO [AuthService] Stock check completed (#7)
2026-05-13 12:00:08 INFO [InventoryService] Push delivered (#8)
2026-05-13 12:00:09 INFO [PaymentService] Inventory mismatch detected (#9)
2026-05-13 12:00:10 INFO [NotificationService] Password check passed (#10)
2026-05-13 12:00:11 WARNING [OrderService] Chargeback reported for ID 11 (#11)
2026-05-13 12:00:12 INFO [ShippingService] Restock scheduled (#12)
2026-05-13 12:00:13 INFO [ReportingService] SMS queued (#13)
2026-05-13 12:00:14 INFO [AuthService] High latency in order API (#14)
2026-05-13 12:00:15 INFO [InventoryService] Two-factor auth initiated (#15)
2026-05-13 12:00:16 INFO [PaymentService] Payment gateway 502 (#16)
2026-05-13 12:00:17 INFO [NotificationService] SKU-12 stock updated (#17)
2026-05-13 12:00:18 INFO [OrderService] Email bounced (#18)
2026-05-13 12:00:19 INFO [ShippingService] Order #19 created (#19)
2026-05-13 12:00:20 INFO [ReportingService] User logged in (#20)
2026-05-13 12:00:21 INFO [AuthService] Low stock on item SKU-45 (#21)
2026-05-13 12:00:22 WARNING [InventoryService] Payment failed for ID 22 (#22)
2026-05-13 12:00:23 INFO [PaymentService] Session refreshed (#23)
2026-05-13 12:00:24 INFO [NotificationService] Email sent to user@example.com (#24)
2026-05-13 12:00:25 INFO [OrderService] Order processing delayed (#25)
2026-05-13 12:00:26 INFO [ShippingService] Payment timeout for ID 26 (#26)
2026-05-13 12:00:27 INFO [ReportingService] Stock check completed (#27)
2026-05-13 12:00:28 INFO [AuthService] Push delivered (#28)
2026-05-13 12:00:29 INFO [InventoryService] Inventory mismatch detected (#29)
2026-05-13 12:00:30 INFO [PaymentService] Password check passed (#30)
2026-05-13 12:00:31 INFO [NotificationService] Chargeback reported for ID 31 (#31)
2026-05-13 12:00:32 INFO [OrderService] Restock scheduled (#32)
2026-05-13 12:00:33 WARNING [ShippingService] SMS queued (#33)
2026-05-13 12:00:34 INFO [ReportingService] High latency in order API (#34)
2026-05-13 12:00:35 INFO [AuthService] Two-factor auth initiated (#35)
2026-05-13 12:00:36 INFO [InventoryService] Payment gateway 502 (#36)
2026-05-13 12:00:37 ERROR [PaymentService] SKU-12 stock updated (#37)
2026-05-13 12:00:38 INFO [NotificationService] Email bounced (#38)
2026-05-13 12:00:39 INFO [OrderService] Order #39 created (#39)
2026-05-13 12:00:40 INFO [ShippingService] User logged in (#40)
2026-05-13 12:00:41 INFO [ReportingService] Low stock on item SKU-45 (#41)
2026-05-13 12:00:42 INFO [AuthService] Payment failed for ID 42 (#42)
2026-05-13 12:00:43 INFO [InventoryService] Session refreshed (#43)
2026-05-13 12:00:44 WARNING [PaymentService] Email sent to user@example.com (#44)
2026-05-13 12:00:45 INFO [NotificationService] Order processing delayed (#45)
2026-05-13 12:00:46 INFO [OrderService] Payment timeout for ID 46 (#46)
2026-05-13 12:00:47 INFO [ShippingService] Stock check completed (#47)
2026-05-13 12:00:48 INFO [ReportingService] Push delivered (#48)
2026-05-13 12:00:49 INFO [AuthService] Inventory mismatch detected (#49)
2026-05-13 12:00:50 INFO [InventoryService] Password check passed (#50)
2026-05-13 12:00:51 INFO [PaymentService] Chargeback reported for ID 51 (#51)
2026-05-13 12:00:52 INFO [NotificationService] Restock scheduled (#52)
2026-05-13 12:00:53 INFO [OrderService] SMS queued (#53)
2026-05-13 12:00:54 INFO [ShippingService] High latency in order API (#54)
2026-05-13 12:00:55 WARNING [ReportingService] Two-factor auth initiated (#55)
2026-05-13 12:00:56 INFO [AuthService] Payment gateway 502 (#56)
2026-05-13 12:00:57 INFO [InventoryService] SKU-12 stock updated (#57)
2026-05-13 12:00:58 INFO [PaymentService] Email bounced (#58)
2026-05-13 12:00:59 INFO [NotificationService] Order #59 created (#59)
2026-05-13 12:01:00 INFO [OrderService] User logged in (#60)
2026-05-13 12:01:01 INFO [ShippingService] Low stock on item SKU-45 (#61)
2026-05-13 12:01:02 INFO [ReportingService] Payment failed for ID 62 (#62)
2026-05-13 12:01:03 INFO [AuthService] Session refreshed (#63)
2026-05-13 12:01:04 INFO [InventoryService] Email sent to user@example.com (#64)
2026-05-13 12:01:05 INFO [PaymentService] Order processing delayed (#65)
2026-05-13 12:01:06 WARNING [NotificationService] Payment timeout for ID 66 (#66)
2026-05-13 12:01:07 INFO [OrderService] Stock check completed (#67)
2026-05-13 12:01:08 INFO [ShippingService] Push delivered (#68)
2026-05-13 12:01:09 INFO [ReportingService] Inventory mismatch detected (#69)
2026-05-13 12:01:10 INFO [AuthService] Password check passed (#70)
2026-05-13 12:01:11 INFO [InventoryService] Chargeback reported for ID 71 (#71)
2026-05-13 12:01:12 INFO [PaymentService] Restock scheduled (#72)
2026-05-13 12:01:13 INFO [NotificationService] SMS queued (#73)
2026-05-13 12:01:14 ERROR [OrderService] High latency in order API (#74)
2026-05-13 12:01:15 INFO [ShippingService] Two-factor auth initiated (#75)
2026-05-13 12:01:16 INFO [ReportingService] Payment gateway 502 (#76)
2026-05-13 12:01:17 WARNING [AuthService] SKU-12 stock updated (#77)
2026-05-13 12:01:18 INFO [InventoryService] Email bounced (#78)
2026-05-13 12:01:19 INFO [PaymentService] Order #79 created (#79)
2026-05-13 12:01:20 INFO [NotificationService] User logged in (#80)
2026-05-13 12:01:21 INFO [OrderService] Low stock on item SKU-45 (#81)
2026-05-13 12:01:22 INFO [ShippingService] Payment failed for ID 82 (#82)
2026-05-13 12:01:23 INFO [ReportingService] Session refreshed (#83)
2026-05-13 12:01:24 INFO [AuthService] Email sent to user@example.com (#84)
2026-05-13 12:01:25 INFO [InventoryService] Order processing delayed (#85)
2026-05-13 12:01:26 INFO [PaymentService] Payment timeout for ID 86 (#86)
2026-05-13 12:01:27 INFO [NotificationService] Stock check completed (#87)
2026-05-13 12:01:28 WARNING [OrderService] Push delivered (#88)
2026-05-13 12:01:29 INFO [ShippingService] Inventory mismatch detected (#89)
2026-05-13 12:01:30 INFO [ReportingService] Password check passed (#90)
2026-05-13 12:01:31 INFO [AuthService] Chargeback reported for ID 91 (#91)
2026-05-13 12:01:32 INFO [InventoryService] Restock scheduled (#92)
2026-05-13 12:01:33 INFO [PaymentService] SMS queued (#93)
2026-05-13 12:01:34 INFO [NotificationService] High latency in order API (#94)
2026-05-13 12:01:35 INFO [OrderService] Two-factor auth initiated (#95)
2026-05-13 12:01:36 INFO [ShippingService] Payment gateway 502 (#96)
2026-05-13 12:01:37 INFO [ReportingService] SKU-12 stock updated (#97)
2026-05-13 12:01:38 INFO [AuthService] Email bounced (#98)
2026-05-13 12:01:39 WARNING [InventoryService] Order #99 created (#99)
2026-05-13 12:01:40 INFO [PaymentService] User logged in (#100)
2026-05-13 12:01:41 INFO [NotificationService] Low stock on item SKU-45 (#101)
2026-05-13 12:01:42 INFO [OrderService] Payment failed for ID 102 (#102)
2026-05-13 12:01:43 INFO [ShippingService] Session refreshed (#103)
2026-05-13 12:01:44 INFO [ReportingService] Email sent to user@example.com (#104)
2026-05-13 12:01:45 INFO [AuthService] Order processing delayed (#105)
2026-05-13 12:01:46 INFO [InventoryService] Payment timeout for ID 106 (#106)
2026-05-13 12:01:47 INFO [PaymentService] Stock check completed (#107)
2026-05-13 12:01:48 INFO [NotificationService] Push delivered (#108)
2026-05-13 12:01:49 INFO [OrderService] Inventory mismatch detected (#109)
2026-05-13 12:01:50 WARNING [ShippingService] Password check passed (#110)
2026-05-13 12:01:51 ERROR [ReportingService] Chargeback reported for ID 111 (#111)
2026-05-13 12:01:52 INFO [AuthService] Restock scheduled (#112)
2026-05-13 12:01:53 INFO [InventoryService] SMS queued (#113)
2026-05-13 12:01:54 INFO [PaymentService] High latency in order API (#114)
2026-05-13 12:01:55 INFO [NotificationService] Two-factor auth initiated (#115)
2026-05-13 12:01:56 INFO [OrderService] Payment gateway 502 (#116)
2026-05-13 12:01:57 INFO [ShippingService] SKU-12 stock updated (#117)
2026-05-13 12:01:58 INFO [ReportingService] Email bounced (#118)
2026-05-13 12:01:59 INFO [AuthService] Order #119 created (#119)
2026-05-13 12:02:00 INFO [InventoryService] User logged in (#120)
2026-05-13 12:02:01 WARNING [PaymentService] Low stock on item SKU-45 (#121)
2026-05-13 12:02:02 INFO [NotificationService] Payment failed for ID 122 (#122)
2026-05-13 12:02:03 INFO [OrderService] Session refreshed (#123)
2026-05-13 12:02:04 INFO [ShippingService] Email sent to user@example.com (#124)
2026-05-13 12:02:05 INFO [ReportingService] Order processing delayed (#125)
2026-05-13 12:02:06 INFO [AuthService] Payment timeout for ID 126 (#126)
2026-05-13 12:02:07 INFO [InventoryService] Stock check completed (#127)
2026-05-13 12:02:08 INFO [PaymentService] Push delivered (#128)
2026-05-13 12:02:09 INFO [NotificationService] Inventory mismatch detected (#129)
2026-05-13 12:02:10 INFO [OrderService] Password check passed (#130)
2026-05-13 12:02:11 INFO [ShippingService] Chargeback reported for ID 131 (#131)
2026-05-13 12:02:12 WARNING [ReportingService] Restock scheduled (#132)
2026-05-13 12:02:13 INFO [AuthService] SMS queued (#133)
2026-05-13 12:02:14 INFO [InventoryService] High latency in order API (#134)
2026-05-13 12:02:15 INFO [PaymentService] Two-factor auth initiated (#135)
2026-05-13 12:02:16 INFO [NotificationService] Payment gateway 502 (#136)
2026-05-13 12:02:17 INFO [OrderService] SKU-12 stock updated (#137)
2026-05-13 12:02:18 INFO [ShippingService] Email bounced (#138)
2026-05-13 12:02:19 INFO [ReportingService] Order #139 created (#139)
2026-05-13 12:02:20 INFO [AuthService] User logged in (#140)
2026-05-13 12:02:21 INFO [InventoryService] Low stock on item SKU-45 (#141)
2026-05-13 12:02:22 INFO [PaymentService] Payment failed for ID 142 (#142)
2026-05-13 12:02:23 WARNING [NotificationService] Session refreshed (#143)
2026-05-13 12:02:24 INFO [OrderService] Email sent to user@example.com (#144)
2026-05-13 12:02:25 INFO [ShippingService] Order processing delayed (#145)
2026-05-13 12:02:26 INFO [ReportingService] Payment timeout for ID 146 (#146)
2026-05-13 12:02:27 INFO [AuthService] Stock check completed (#147)
2026-05-13 12:02:28 ERROR [InventoryService] Push delivered (#148)
2026-05-13 12:02:29 INFO [PaymentService] Inventory mismatch detected (#149)
2026-05-13 12:02:30 INFO [NotificationService] Password check passed (#150)
2026-05-13 12:02:31 INFO [OrderService] Chargeback reported for ID 151 (#151)
2026-05-13 12:02:32 INFO [ShippingService] Restock scheduled (#152)
2026-05-13 12:02:33 INFO [ReportingService] SMS queued (#153)
2026-05-13 12:02:34 WARNING [AuthService] High latency in order API (#154)
2026-05-13 12:02:35 INFO [InventoryService] Two-factor auth initiated (#155)
2026-05-13 12:02:36 INFO [PaymentService] Payment gateway 502 (#156)
2026-05-13 12:02:37 INFO [NotificationService] SKU-12 stock updated (#157)
2026-05-13 12:02:38 INFO [OrderService] Email bounced (#158)
2026-05-13 12:02:39 INFO [ShippingService] Order #159 created (#159)
2026-05-13 12:02:40 INFO [ReportingService] User logged in (#160)
2026-05-13 12:02:41 INFO [AuthService] Low stock on item SKU-45 (#161)
2026-05-13 12:02:42 INFO [InventoryService] Payment failed for ID 162 (#162)
2026-05-13 12:02:43 INFO [PaymentService] Session refreshed (#163)
2026-05-13 12:02:44 INFO [NotificationService] Email sent to user@example.com (#164)
2026-05-13 12:02:45 WARNING [OrderService] Order processing delayed (#165)
2026-05-13 12:02:46 INFO [ShippingService] Payment timeout for ID 166 (#166)
2026-05-13 12:02:47 INFO [ReportingService] Stock check completed (#167)
2026-05-13 12:02:48 INFO [AuthService] Push delivered (#168)
2026-05-13 12:02:49 INFO [InventoryService] Inventory mismatch detected (#169)
2026-05-13 12:02:50 INFO [PaymentService] Password check passed (#170)
2026-05-13 12:02:51 INFO [NotificationService] Chargeback reported for ID 171 (#171)
2026-05-13 12:02:52 INFO [OrderService] Restock scheduled (#172)
2026-05-13 12:02:53 INFO [ShippingService] SMS queued (#173)
2026-05-13 12:02:54 INFO [ReportingService] High latency in order API (#174)
2026-05-13 12:02:55 INFO [AuthService] Two-factor auth initiated (#175)
2026-05-13 12:02:56 WARNING [InventoryService] Payment gateway 502 (#176)
2026-05-13 12:02:57 INFO [PaymentService] SKU-12 stock updated (#177)
2026-05-13 12:02:58 INFO [NotificationService] Email bounced (#178)
2026-05-13 12:02:59 INFO [OrderService] Order #179 created (#179)
2026-05-13 12:03:00 INFO [ShippingService] User logged in (#180)
2026-05-13 12:03:01 INFO [ReportingService] Low stock on item SKU-45 (#181)
2026-05-13 12:03:02 INFO [AuthService] Payment failed for ID 182 (#182)
2026-05-13 12:03:03 INFO [InventoryService] Session refreshed (#183)
2026-05-13 12:03:04 INFO [PaymentService] Email sent to user@example.com (#184)
2026-05-13 12:03:05 ERROR [NotificationService] Order processing delayed (#185)
2026-05-13 12:03:06 INFO [OrderService] Payment timeout for ID 186 (#186)
2026-05-13 12:03:07 WARNING [ShippingService] Stock check completed (#187)
2026-05-13 12:03:08 INFO [ReportingService] Push delivered (#188)
2026-05-13 12:03:09 INFO [AuthService] Inventory mismatch detected (#189)
2026-05-13 12:03:10 INFO [InventoryService] Password check passed (#190)
2026-05-13 12:03:11 INFO [PaymentService] Chargeback reported for ID 191 (#191)
2026-05-13 12:03:12 INFO [NotificationService] Restock scheduled (#192)
2026-05-13 12:03:13 INFO [OrderService] SMS queued (#193)
2026-05-13 12:03:14 INFO [ShippingService] High latency in order API (#194)
2026-05-13 12:03:15 INFO [ReportingService] Two-factor auth initiated (#195)
2026-05-13 12:03:16 INFO [AuthService] Payment gateway 502 (#196)
2026-05-13 12:03:17 INFO [InventoryService] SKU-12 stock updated (#197)
2026-05-13 12:03:18 WARNING [PaymentService] Email bounced (#198)
2026-05-13 12:03:19 INFO [NotificationService] Order #199 created (#199)
2026-05-13 12:03:20 INFO [OrderService] User logged in (#200)
2026-05-13 12:03:21 INFO [ShippingService] Low stock on item SKU-45 (#201)
2026-05-13 12:03:22 INFO [ReportingService] Payment failed for ID 202 (#202)
2026-05-13 12:03:23 INFO [AuthService] Session refreshed (#203)
2026-05-13 12:03:24 INFO [InventoryService] Email sent to user@example.com (#204)
2026-05-13 12:03:25 INFO [PaymentService] Order processing delayed (#205)
2026-05-13 12:03:26 INFO [NotificationService] Payment timeout for ID 206 (#206)
2026-05-13 12:03:27 INFO [OrderService] Stock check completed (#207)
2026-05-13 12:03:28 INFO [ShippingService] Push delivered (#208)
2026-05-13 12:03:29 WARNING [ReportingService] Inventory mismatch detected (#209)
2026-05-13 12:03:30 INFO [AuthService] Password check passed (#210)
2026-05-13 12:03:31 INFO [InventoryService] Chargeback reported for ID 211 (#211)
2026-05-13 12:03:32 INFO [PaymentService] Restock scheduled (#212)
2026-05-13 12:03:33 INFO [NotificationService] SMS queued (#213)
2026-05-13 12:03:34 INFO [OrderService] High latency in order API (#214)
2026-05-13 12:03:35 INFO [ShippingService] Two-factor auth initiated (#215)
2026-05-13 12:03:36 INFO [ReportingService] Payment gateway 502 (#216)
2026-05-13 12:03:37 INFO [AuthService] SKU-12 stock updated (#217)
2026-05-13 12:03:38 INFO [InventoryService] Email bounced (#218)
2026-05-13 12:03:39 INFO [PaymentService] Order #219 created (#219)
2026-05-13 12:03:40 WARNING [NotificationService] User logged in (#220)
2026-05-13 12:03:41 INFO [OrderService] Low stock on item SKU-45 (#221)
2026-05-13 12:03:42 ERROR [ShippingService] Payment failed for ID 222 (#222)
2026-05-13 12:03:43 INFO [ReportingService] Session refreshed (#223)
2026-05-13 12:03:44 INFO [AuthService] Email sent to user@example.com (#224)
2026-05-13 12:03:45 INFO [InventoryService] Order processing delayed (#225)
2026-05-13 12:03:46 INFO [PaymentService] Payment timeout for ID 226 (#226)
2026-05-13 12:03:47 INFO [NotificationService] Stock check completed (#227)
2026-05-13 12:03:48 INFO [OrderService] Push delivered (#228)
2026-05-13 12:03:49 INFO [ShippingService] Inventory mismatch detected (#229)
2026-05-13 12:03:50 INFO [ReportingService] Password check passed (#230)
2026-05-13 12:03:51 WARNING [AuthService] Chargeback reported for ID 231 (#231)
2026-05-13 12:03:52 INFO [InventoryService] Restock scheduled (#232)
2026-05-13 12:03:53 INFO [PaymentService] SMS queued (#233)
2026-05-13 12:03:54 INFO [NotificationService] High latency in order API (#234)
2026-05-13 12:03:55 INFO [OrderService] Two-factor auth initiated (#235)
2026-05-13 12:03:56 INFO [ShippingService] Payment gateway 502 (#236)
2026-05-13 12:03:57 INFO [ReportingService] SKU-12 stock updated (#237)
2026-05-13 12:03:58 INFO [AuthService] Email bounced (#238)
2026-05-13 12:03:59 INFO [InventoryService] Order #239 created (#239)
2026-05-13 12:04:00 INFO [PaymentService] User logged in (#240)
2026-05-13 12:04:01 INFO [NotificationService] Low stock on item SKU-45 (#241)
2026-05-13 12:04:02 WARNING [OrderService] Payment failed for ID 242 (#242)
2026-05-13 12:04:03 INFO [ShippingService] Session refreshed (#243)
2026-05-13 12:04:04 INFO [ReportingService] Email sent to user@example.com (#244)
2026-05-13 12:04:05 INFO [AuthService] Order processing delayed (#245)
2026-05-13 12:04:06 INFO [InventoryService] Payment timeout for ID 246 (#246)
2026-05-13 12:04:07 INFO [PaymentService] Stock check completed (#247)
2026-05-13 12:04:08 INFO [NotificationService] Push delivered (#248)
2026-05-13 12:04:09 INFO [OrderService] Inventory mismatch detected (#249)
2026-05-13 12:04:10 INFO [ShippingService] Password check passed (#250)
2026-05-13 12:04:11 INFO [ReportingService] Chargeback reported for ID 251 (#251)
2026-05-13 12:04:12 INFO [AuthService] Restock scheduled (#252)
2026-05-13 12:04:13 WARNING [InventoryService] SMS queued (#253)
2026-05-13 12:04:14 INFO [PaymentService] High latency in order API (#254)
2026-05-13 12:04:15 INFO [NotificationService] Two-factor auth initiated (#255)
2026-05-13 12:04:16 INFO [OrderService] Payment gateway 502 (#256)
2026-05-13 12:04:17 INFO [ShippingService] SKU-12 stock updated (#257)
2026-05-13 12:04:18 INFO [ReportingService] Email bounced (#258)
2026-05-13 12:04:19 ERROR [AuthService] Order #259 created (#259)
2026-05-13 12:04:20 INFO [InventoryService] User logged in (#260)
2026-05-13 12:04:21 INFO [PaymentService] Low stock on item SKU-45 (#261)
2026-05-13 12:04:22 INFO [NotificationService] Payment failed for ID 262 (#262)
2026-05-13 12:04:23 INFO [OrderService] Session refreshed (#263)
2026-05-13 12:04:24 WARNING [ShippingService] Email sent to user@example.com (#264)
2026-05-13 12:04:25 INFO [ReportingService] Order processing delayed (#265)
2026-05-13 12:04:26 INFO [AuthService] Payment timeout for ID 266 (#266)
2026-05-13 12:04:27 INFO [InventoryService] Stock check completed (#267)
2026-05-13 12:04:28 INFO [PaymentService] Push delivered (#268)
2026-05-13 12:04:29 INFO [NotificationService] Inventory mismatch detected (#269)
2026-05-13 12:04:30 INFO [OrderService] Password check passed (#270)
2026-05-13 12:04:31 INFO [ShippingService] Chargeback reported for ID 271 (#271)
2026-05-13 12:04:32 INFO [ReportingService] Restock scheduled (#272)
2026-05-13 12:04:33 INFO [AuthService] SMS queued (#273)
2026-05-13 12:04:34 INFO [InventoryService] High latency in order API (#274)
2026-05-13 12:04:35 WARNING [PaymentService] Two-factor auth initiated (#275)
2026-05-13 12:04:36 INFO [NotificationService] Payment gateway 502 (#276)
2026-05-13 12:04:37 INFO [OrderService] SKU-12 stock updated (#277)
2026-05-13 12:04:38 INFO [ShippingService] Email bounced (#278)
2026-05-13 12:04:39 INFO [ReportingService] Order #279 created (#279)
2026-05-13 12:04:40 INFO [AuthService] User logged in (#280)
2026-05-13 12:04:41 INFO [InventoryService] Low stock on item SKU-45 (#281)
2026-05-13 12:04:42 INFO [PaymentService] Payment failed for ID 282 (#282)
2026-05-13 12:04:43 INFO [NotificationService] Session refreshed (#283)
2026-05-13 12:04:44 INFO [OrderService] Email sent to user@example.com (#284)
2026-05-13 12:04:45 INFO [ShippingService] Order processing delayed (#285)
2026-05-13 12:04:46 WARNING [ReportingService] Payment timeout for ID 286 (#286)
2026-05-13 12:04:47 INFO [AuthService] Stock check completed (#287)
2026-05-13 12:04:48 INFO [InventoryService] Push delivered (#288)
2026-05-13 12:04:49 INFO [PaymentService] Inventory mismatch detected (#289)
2026-05-13 12:04:50 INFO [NotificationService] Password check passed (#290)
2026-05-13 12:04:51 INFO [OrderService] Chargeback reported for ID 291 (#291)
2026-05-13 12:04:52 INFO [ShippingService] Restock scheduled (#292)
2026-05-13 12:04:53 INFO [ReportingService] SMS queued (#293)
2026-05-13 12:04:54 INFO [AuthService] High latency in order API (#294)
2026-05-13 12:04:55 INFO [InventoryService] Two-factor auth initiated (#295)
2026-05-13 12:04:56 ERROR [PaymentService] Payment gateway 502 (#296)
2026-05-13 12:04:57 WARNING [NotificationService] SKU-12 stock updated (#297)
2026-05-13 12:04:58 INFO [OrderService] Email bounced (#298)
2026-05-13 12:04:59 INFO [ShippingService] Order #299 created (#299)
2026-05-13 12:05:00 INFO [ReportingService] User logged in (#300)
2026-05-13 12:05:01 INFO [AuthService] Low stock on item SKU-45 (#301)
2026-05-13 12:05:02 INFO [InventoryService] Payment failed for ID 302 (#302)
2026-05-13 12:05:03 INFO [PaymentService] Session refreshed (#303)
2026-05-13 12:05:04 INFO [NotificationService] Email sent to user@example.com (#304)
2026-05-13 12:05:05 INFO [OrderService] Order processing delayed (#305)
2026-05-13 12:05:06 INFO [ShippingService] Payment timeout for ID 306 (#306)
2026-05-13 12:05:07 INFO [ReportingService] Stock check completed (#307)
2026-05-13 12:05:08 WARNING [AuthService] Push delivered (#308)
2026-05-13 12:05:09 INFO [InventoryService] Inventory mismatch detected (#309)
2026-05-13 12:05:10 INFO [PaymentService] Password check passed (#310)
2026-05-13 12:05:11 INFO [NotificationService] Chargeback reported for ID 311 (#311)
2026-05-13 12:05:12 INFO [OrderService] Restock scheduled (#312)
2026-05-13 12:05:13 INFO [ShippingService] SMS queued (#313)
2026-05-13 12:05:14 INFO [ReportingService] High latency in order API (#314)
2026-05-13 12:05:15 INFO [AuthService] Two-factor auth initiated (#315)
2026-05-13 12:05:16 INFO [InventoryService] Payment gateway 502 (#316)
2026-05-13 12:05:17 INFO [PaymentService] SKU-12 stock updated (#317)
2026-05-13 12:05:18 INFO [NotificationService] Email bounced (#318)
2026-05-13 12:05:19 WARNING [OrderService] Order #319 created (#319)
2026-05-13 12:05:20 INFO [ShippingService] User logged in (#320)
2026-05-13 12:05:21 INFO [ReportingService] Low stock on item SKU-45 (#321)
2026-05-13 12:05:22 INFO [AuthService] Payment failed for ID 322 (#322)
2026-05-13 12:05:23 INFO [InventoryService] Session refreshed (#323)
2026-05-13 12:05:24 INFO [PaymentService] Email sent to user@example.com (#324)
2026-05-13 12:05:25 INFO [NotificationService] Order processing delayed (#325)
2026-05-13 12:05:26 INFO [OrderService] Payment timeout for ID 326 (#326)
2026-05-13 12:05:27 INFO [ShippingService] Stock check completed (#327)
2026-05-13 12:05:28 INFO [ReportingService] Push delivered (#328)
2026-05-13 12:05:29 INFO [AuthService] Inventory mismatch detected (#329)
2026-05-13 12:05:30 WARNING [InventoryService] Password check passed (#330)
2026-05-13 12:05:31 INFO [PaymentService] Chargeback reported for ID 331 (#331)
2026-05-13 12:05:32 INFO [NotificationService] Restock scheduled (#332)
2026-05-13 12:05:33 ERROR [OrderService] SMS queued (#333)
2026-05-13 12:05:34 INFO [ShippingService] High latency in order API (#334)
2026-05-13 12:05:35 INFO [ReportingService] Two-factor auth initiated (#335)
2026-05-13 12:05:36 INFO [AuthService] Payment gateway 502 (#336)
2026-05-13 12:05:37 INFO [InventoryService] SKU-12 stock updated (#337)
2026-05-13 12:05:38 INFO [PaymentService] Email bounced (#338)
2026-05-13 12:05:39 INFO [NotificationService] Order #339 created (#339)
2026-05-13 12:05:40 INFO [OrderService] User logged in (#340)
2026-05-13 12:05:41 WARNING [ShippingService] Low stock on item SKU-45 (#341)
2026-05-13 12:05:42 INFO [ReportingService] Payment failed for ID 342 (#342)
2026-05-13 12:05:43 INFO [AuthService] Session refreshed (#343)
2026-05-13 12:05:44 INFO [InventoryService] Email sent to user@example.com (#344)
2026-05-13 12:05:45 INFO [PaymentService] Order processing delayed (#345)
2026-05-13 12:05:46 INFO [NotificationService] Payment timeout for ID 346 (#346)
2026-05-13 12:05:47 INFO [OrderService] Stock check completed (#347)
2026-05-13 12:05:48 INFO [ShippingService] Push delivered (#348)
2026-05-13 12:05:49 INFO [ReportingService] Inventory mismatch detected (#349)
2026-05-13 12:05:50 INFO [AuthService] Password check passed (#350)
2026-05-13 12:05:51 INFO [InventoryService] Chargeback reported for ID 351 (#351)
2026-05-13 12:05:52 WARNING [PaymentService] Restock scheduled (#352)
2026-05-13 12:05:53 INFO [NotificationService] SMS queued (#353)
2026-05-13 12:05:54 INFO [OrderService] High latency in order API (#354)
2026-05-13 12:05:55 INFO [ShippingService] Two-factor auth initiated (#355)
2026-05-13 12:05:56 INFO [ReportingService] Payment gateway 502 (#356)
2026-05-13 12:05:57 INFO [AuthService] SKU-12 stock updated (#357)
2026-05-13 12:05:58 INFO [InventoryService] Email bounced (#358)
2026-05-13 12:05:59 INFO [PaymentService] Order #359 created (#359)
2026-05-13 12:06:00 INFO [NotificationService] User logged in (#360)
2026-05-13 12:06:01 INFO [OrderService] Low stock on item SKU-45 (#361)
2026-05-13 12:06:02 INFO [ShippingService] Payment failed for ID 362 (#362)
2026-05-13 12:06:03 WARNING [ReportingService] Session refreshed (#363)
2026-05-13 12:06:04 INFO [AuthService] Email sent to user@example.com (#364)
2026-05-13 12:06:05 INFO [InventoryService] Order processing delayed (#365)
2026-05-13 12:06:06 INFO [PaymentService] Payment timeout for ID 366 (#366)
2026-05-13 12:06:07 INFO [NotificationService] Stock check completed (#367)
2026-05-13 12:06:08 INFO [OrderService] Push delivered (#368)
2026-05-13 12:06:09 INFO [ShippingService] Inventory mismatch detected (#369)
2026-05-13 12:06:10 ERROR [ReportingService] Password check passed (#370)
2026-05-13 12:06:11 INFO [AuthService] Chargeback reported for ID 371 (#371)
2026-05-13 12:06:12 INFO [InventoryService] Restock scheduled (#372)
2026-05-13 12:06:13 INFO [PaymentService] SMS queued (#373)
2026-05-13 12:06:14 WARNING [NotificationService] High latency in order API (#374)
2026-05-13 12:06:15 INFO [OrderService] Two-factor auth initiated (#375)
2026-05-13 12:06:16 INFO [ShippingService] Payment gateway 502 (#376)
2026-05-13 12:06:17 INFO [ReportingService] SKU-12 stock updated (#377)
2026-05-13 12:06:18 INFO [AuthService] Email bounced (#378)
2026-05-13 12:06:19 INFO [InventoryService] Order #379 created (#379)
2026-05-13 12:06:20 INFO [PaymentService] User logged in (#380)
2026-05-13 12:06:21 INFO [NotificationService] Low stock on item SKU-45 (#381)
2026-05-13 12:06:22 INFO [OrderService] Payment failed for ID 382 (#382)
2026-05-13 12:06:23 INFO [ShippingService] Session refreshed (#383)
2026-05-13 12:06:24 INFO [ReportingService] Email sent to user@example.com (#384)
2026-05-13 12:06:25 WARNING [AuthService] Order processing delayed (#385)
2026-05-13 12:06:26 INFO [InventoryService] Payment timeout for ID 386 (#386)
2026-05-13 12:06:27 INFO [PaymentService] Stock check completed (#387)
2026-05-13 12:06:28 INFO [NotificationService] Push delivered (#388)
2026-05-13 12:06:29 INFO [OrderService] Inventory mismatch detected (#389)
2026-05-13 12:06:30 INFO [ShippingService] Password check passed (#390)
2026-05-13 12:06:31 INFO [ReportingService] Chargeback reported for ID 391 (#391)
2026-05-13 12:06:32 INFO [AuthService] Restock scheduled (#392)
2026-05-13 12:06:33 INFO [InventoryService] SMS queued (#393)
2026-05-13 12:06:34 INFO [PaymentService] High latency in order API (#394)
2026-05-13 12:06:35 INFO [NotificationService] Two-factor auth initiated (#395)
2026-05-13 12:06:36 WARNING [OrderService] Payment gateway 502 (#396)
2026-05-13 12:06:37 INFO [ShippingService] SKU-12 stock updated (#397)
2026-05-13 12:06:38 INFO [ReportingService] Email bounced (#398)
2026-05-13 12:06:39 INFO [AuthService] Order #399 created (#399)
2026-05-13 12:06:40 INFO [InventoryService] User logged in (#400)
2026-05-13 12:06:41 INFO [PaymentService] Low stock on item SKU-45 (#401)
2026-05-13 12:06:42 INFO [NotificationService] Payment failed for ID 402 (#402)
2026-05-13 12:06:43 INFO [OrderService] Session refreshed (#403)
2026-05-13 12:06:44 INFO [ShippingService] Email sent to user@example.com (#404)
2026-05-13 12:06:45 INFO [ReportingService] Order processing delayed (#405)
2026-05-13 12:06:46 INFO [AuthService] Payment timeout for ID 406 (#406)
2026-05-13 12:06:47 ERROR [InventoryService] Stock check completed (#407)
2026-05-13 12:06:48 INFO [PaymentService] Push delivered (#408)
2026-05-13 12:06:49 INFO [NotificationService] Inventory mismatch detected (#409)
2026-05-13 12:06:50 INFO [OrderService] Password check passed (#410)
2026-05-13 12:06:51 INFO [ShippingService] Chargeback reported for ID 411 (#411)
2026-05-13 12:06:52 INFO [ReportingService] Restock scheduled (#412)
2026-05-13 12:06:53 INFO [AuthService] SMS queued (#413)
2026-05-13 12:06:54 INFO [InventoryService] High latency in order API (#414)
2026-05-13 12:06:55 INFO [PaymentService] Two-factor auth initiated (#415)
2026-05-13 12:06:56 INFO [NotificationService] Payment gateway 502 (#416)
2026-05-13 12:06:57 INFO [OrderService] SKU-12 stock updated (#417)
2026-05-13 12:06:58 WARNING [ShippingService] Email bounced (#418)
2026-05-13 12:06:59 INFO [ReportingService] Order #419 created (#419)
2026-05-13 12:07:00 INFO [AuthService] User logged in (#420)
2026-05-13 12:07:01 INFO [InventoryService] Low stock on item SKU-45 (#421)
2026-05-13 12:07:02 INFO [PaymentService] Payment failed for ID 422 (#422)
2026-05-13 12:07:03 INFO [NotificationService] Session refreshed (#423)
2026-05-13 12:07:04 INFO [OrderService] Email sent to user@example.com (#424)
2026-05-13 12:07:05 INFO [ShippingService] Order processing delayed (#425)
2026-05-13 12:07:06 INFO [ReportingService] Payment timeout for ID 426 (#426)
2026-05-13 12:07:07 INFO [AuthService] Stock check completed (#427)
2026-05-13 12:07:08 INFO [InventoryService] Push delivered (#428)
2026-05-13 12:07:09 WARNING [PaymentService] Inventory mismatch detected (#429)
2026-05-13 12:07:10 INFO [NotificationService] Password check passed (#430)
2026-05-13 12:07:11 INFO [OrderService] Chargeback reported for ID 431 (#431)
2026-05-13 12:07:12 INFO [ShippingService] Restock scheduled (#432)
2026-05-13 12:07:13 INFO [ReportingService] SMS queued (#433)
2026-05-13 12:07:14 INFO [AuthService] High latency in order API (#434)
2026-05-13 12:07:15 INFO [InventoryService] Two-factor auth initiated (#435)
2026-05-13 12:07:16 INFO [PaymentService] Payment gateway 502 (#436)
2026-05-13 12:07:17 INFO [NotificationService] SKU-12 stock updated (#437)
2026-05-13 12:07:18 INFO [OrderService] Email bounced (#438)
2026-05-13 12:07:19 INFO [ShippingService] Order #439 created (#439)
2026-05-13 12:07:20 WARNING [ReportingService] User logged in (#440)
2026-05-13 12:07:21 INFO [AuthService] Low stock on item SKU-45 (#441)
2026-05-13 12:07:22 INFO [InventoryService] Payment failed for ID 442 (#442)
2026-05-13 12:07:23 INFO [PaymentService] Session refreshed (#443)
2026-05-13 12:07:24 ERROR [NotificationService] Email sent to user@example.com (#444)
2026-05-13 12:07:25 INFO [OrderService] Order processing delayed (#445)
2026-05-13 12:07:26 INFO [ShippingService] Payment timeout for ID 446 (#446)
2026-05-13 12:07:27 INFO [ReportingService] Stock check completed (#447)
2026-05-13 12:07:28 INFO [AuthService] Push delivered (#448)
2026-05-13 12:07:29 INFO [InventoryService] Inventory mismatch detected (#449)
2026-05-13 12:07:30 INFO [PaymentService] Password check passed (#450)
2026-05-13 12:07:31 WARNING [NotificationService] Chargeback reported for ID 451 (#451)
2026-05-13 12:07:32 INFO [OrderService] Restock scheduled (#452)
2026-05-13 12:07:33 INFO [ShippingService] SMS queued (#453)
2026-05-13 12:07:34 INFO [ReportingService] High latency in order API (#454)
2026-05-13 12:07:35 INFO [AuthService] Two-factor auth initiated (#455)
2026-05-13 12:07:36 INFO [InventoryService] Payment gateway 502 (#456)
2026-05-13 12:07:37 INFO [PaymentService] SKU-12 stock updated (#457)
2026-05-13 12:07:38 INFO [NotificationService] Email bounced (#458)
2026-05-13 12:07:39 INFO [OrderService] Order #459 created (#459)
2026-05-13 12:07:40 INFO [ShippingService] User logged in (#460)
2026-05-13 12:07:41 INFO [ReportingService] Low stock on item SKU-45 (#461)
2026-05-13 12:07:42 WARNING [AuthService] Payment failed for ID 462 (#462)
2026-05-13 12:07:43 INFO [InventoryService] Session refreshed (#463)
2026-05-13 12:07:44 INFO [PaymentService] Email sent to user@example.com (#464)
2026-05-13 12:07:45 INFO [NotificationService] Order processing delayed (#465)
2026-05-13 12:07:46 INFO [OrderService] Payment timeout for ID 466 (#466)
2026-05-13 12:07:47 INFO [ShippingService] Stock check completed (#467)
2026-05-13 12:07:48 INFO [ReportingService] Push delivered (#468)
2026-05-13 12:07:49 INFO [AuthService] Inventory mismatch detected (#469)
2026-05-13 12:07:50 INFO [InventoryService] Password check passed (#470)
2026-05-13 12:07:51 INFO [PaymentService] Chargeback reported for ID 471 (#471)
2026-05-13 12:07:52 INFO [NotificationService] Restock scheduled (#472)
2026-05-13 12:07:53 WARNING [OrderService] SMS queued (#473)
2026-05-13 12:07:54 INFO [ShippingService] High latency in order API (#474)
2026-05-13 12:07:55 INFO [ReportingService] Two-factor auth initiated (#475)
2026-05-13 12:07:56 INFO [AuthService] Payment gateway 502 (#476)
2026-05-13 12:07:57 INFO [InventoryService] SKU-12 stock updated (#477)
2026-05-13 12:07:58 INFO [PaymentService] Email bounced (#478)
2026-05-13 12:07:59 INFO [NotificationService] Order #479 created (#479)
2026-05-13 12:08:00 INFO [OrderService] User logged in (#480)
2026-05-13 12:08:01 ERROR [ShippingService] Low stock on item SKU-45 (#481)
2026-05-13 12:08:02 INFO [ReportingService] Payment failed for ID 482 (#482)
2026-05-13 12:08:03 INFO [AuthService] Session refreshed (#483)
2026-05-13 12:08:04 WARNING [InventoryService] Email sent to user@example.com (#484)
2026-05-13 12:08:05 INFO [PaymentService] Order processing delayed (#485)
2026-05-13 12:08:06 INFO [NotificationService] Payment timeout for ID 486 (#486)
2026-05-13 12:08:07 INFO [OrderService] Stock check completed (#487)
2026-05-13 12:08:08 INFO [ShippingService] Push delivered (#488)
2026-05-13 12:08:09 INFO [ReportingService] Inventory mismatch detected (#489)
2026-05-13 12:08:10 INFO [AuthService] Password check passed (#490)
2026-05-13 12:08:11 INFO [InventoryService] Chargeback reported for ID 491 (#491)
2026-05-13 12:08:12 INFO [PaymentService] Restock scheduled (#492)
2026-05-13 12:08:13 INFO [NotificationService] SMS queued (#493)
2026-05-13 12:08:14 INFO [OrderService] High latency in order API (#494)
2026-05-13 12:08:15 WARNING [ShippingService] Two-factor auth initiated (#495)
2026-05-13 12:08:16 INFO [ReportingService] Payment gateway 502 (#496)
2026-05-13 12:08:17 INFO [AuthService] SKU-12 stock updated (#497)
2026-05-13 12:08:18 INFO [InventoryService] Email bounced (#498)
2026-05-13 12:08:19 INFO [PaymentService] Order #499 created (#499)
2026-05-13 12:08:20 INFO [NotificationService] User logged in (#500)
